<?xml version="1.0" encoding="UTF-8"?>
<testsuite xmlns:xsi="http://www.w3.org/2001/XMLSchema-instance" xsi:noNamespaceSchemaLocation="https://maven.apache.org/surefire/maven-surefire-plugin/xsd/surefire-test-report.xsd" name="org.example.AppTest" time="0.051" tests="1" errors="0" skipped="0" failures="0">
  <properties>
    <property name="gopherProxySet" value="false"/>
    <property name="awt.toolkit" value="sun.lwawt.macosx.LWCToolkit"/>
    <property name="file.encoding.pkg" value="sun.io"/>
    <property name="java.specification.version" value="1.8"/>
    <property name="sun.cpu.isalist" value=""/>
    <property name="sun.jnu.encoding" value="UTF-8"/>
    <property name="java.class.path" value="/Users/singg/openws/java/asup-common-serde-module/target/test-classes:/Users/singg/openws/java/asup-common-serde-module/target/classes:/Users/singg/.m2/repository/junit/junit/4.11/junit-4.11.jar:/Users/singg/.m2/repository/org/hamcrest/hamcrest-core/1.3/hamcrest-core-1.3.jar:/Users/singg/.m2/repository/org/apache/kafka/kafka-clients/2.8.1/kafka-clients-2.8.1.jar:/Users/singg/.m2/repository/com/github/luben/zstd-jni/1.4.9-1/zstd-jni-1.4.9-1.jar:/Users/singg/.m2/repository/org/lz4/lz4-java/1.7.1/lz4-java-1.7.1.jar:/Users/singg/.m2/repository/org/xerial/snappy/snappy-java/1.1.8.1/snappy-java-1.1.8.1.jar:/Users/singg/.m2/repository/org/slf4j/slf4j-api/1.7.30/slf4j-api-1.7.30.jar:/Users/singg/.m2/repository/com/google/protobuf/protobuf-java/3.21.1/protobuf-java-3.21.1.jar:/Users/singg/.m2/repository/com/googlecode/json-simple/json-simple/1.1.1/json-simple-1.1.1.jar:/Users/singg/.m2/repository/io/confluent/kafka-protobuf-serializer/6.2.0/kafka-protobuf-serializer-6.2.0.jar:/Users/singg/.m2/repository/io/confluent/kafka-protobuf-provider/6.2.0/kafka-protobuf-provider-6.2.0.jar:/Users/singg/.m2/repository/com/squareup/wire/wire-schema/3.6.0/wire-schema-3.6.0.jar:/Users/singg/.m2/repository/com/squareup/wire/wire-runtime/3.6.0/wire-runtime-3.6.0.jar:/Users/singg/.m2/repository/org/jetbrains/kotlin/kotlin-stdlib-jdk8/1.4.10/kotlin-stdlib-jdk8-1.4.10.jar:/Users/singg/.m2/repository/org/jetbrains/kotlin/kotlin-stdlib-jdk7/1.4.10/kotlin-stdlib-jdk7-1.4.10.jar:/Users/singg/.m2/repository/org/jetbrains/kotlin/kotlin-stdlib-common/1.4.10/kotlin-stdlib-common-1.4.10.jar:/Users/singg/.m2/repository/com/squareup/okio/okio/2.8.0/okio-2.8.0.jar:/Users/singg/.m2/repository/org/jetbrains/kotlin/kotlin-stdlib/1.4.21/kotlin-stdlib-1.4.21.jar:/Users/singg/.m2/repository/org/jetbrains/annotations/13.0/annotations-13.0.jar:/Users/singg/.m2/repository/io/confluent/kafka-protobuf-types/6.2.0/kafka-protobuf-types-6.2.0.jar:/Users/singg/.m2/repository/com/google/api/grpc/googleapis-common-protos/0.0.3/googleapis-common-protos-0.0.3.jar:/Users/singg/.m2/repository/io/grpc/grpc-stub/0.15.0/grpc-stub-0.15.0.jar:/Users/singg/.m2/repository/io/grpc/grpc-core/0.15.0/grpc-core-0.15.0.jar:/Users/singg/.m2/repository/io/grpc/grpc-protobuf/0.15.0/grpc-protobuf-0.15.0.jar:/Users/singg/.m2/repository/io/grpc/grpc-protobuf-lite/0.15.0/grpc-protobuf-lite-0.15.0.jar:/Users/singg/.m2/repository/com/google/protobuf/protobuf-java-util/3.11.4/protobuf-java-util-3.11.4.jar:/Users/singg/.m2/repository/com/google/guava/guava/28.1-android/guava-28.1-android.jar:/Users/singg/.m2/repository/com/google/guava/failureaccess/1.0.1/failureaccess-1.0.1.jar:/Users/singg/.m2/repository/com/google/guava/listenablefuture/9999.0-empty-to-avoid-conflict-with-guava/listenablefuture-9999.0-empty-to-avoid-conflict-with-guava.jar:/Users/singg/.m2/repository/com/google/code/findbugs/jsr305/3.0.2/jsr305-3.0.2.jar:/Users/singg/.m2/repository/org/checkerframework/checker-compat-qual/2.5.5/checker-compat-qual-2.5.5.jar:/Users/singg/.m2/repository/com/google/j2objc/j2objc-annotations/1.3/j2objc-annotations-1.3.jar:/Users/singg/.m2/repository/org/codehaus/mojo/animal-sniffer-annotations/1.18/animal-sniffer-annotations-1.18.jar:/Users/singg/.m2/repository/com/google/errorprone/error_prone_annotations/2.3.4/error_prone_annotations-2.3.4.jar:/Users/singg/.m2/repository/com/google/code/gson/gson/2.8.6/gson-2.8.6.jar:/Users/singg/.m2/repository/io/confluent/kafka-schema-serializer/6.2.0/kafka-schema-serializer-6.2.0.jar:/Users/singg/.m2/repository/io/confluent/kafka-schema-registry-client/6.2.0/kafka-schema-registry-client-6.2.0.jar:/Users/singg/.m2/repository/org/apache/avro/avro/1.10.1/avro-1.10.1.jar:/Users/singg/.m2/repository/com/fasterxml/jackson/core/jackson-core/2.11.3/jackson-core-2.11.3.jar:/Users/singg/.m2/repository/org/apache/commons/commons-compress/1.20/commons-compress-1.20.jar:/Users/singg/.m2/repository/com/fasterxml/jackson/core/jackson-databind/2.10.5.1/jackson-databind-2.10.5.1.jar:/Users/singg/.m2/repository/com/fasterxml/jackson/core/jackson-annotations/2.10.5/jackson-annotations-2.10.5.jar:/Users/singg/.m2/repository/jakarta/ws/rs/jakarta.ws.rs-api/2.1.6/jakarta.ws.rs-api-2.1.6.jar:/Users/singg/.m2/repository/org/glassfish/jersey/core/jersey-common/2.34/jersey-common-2.34.jar:/Users/singg/.m2/repository/jakarta/annotation/jakarta.annotation-api/1.3.5/jakarta.annotation-api-1.3.5.jar:/Users/singg/.m2/repository/org/glassfish/hk2/external/jakarta.inject/2.6.1/jakarta.inject-2.6.1.jar:/Users/singg/.m2/repository/org/glassfish/hk2/osgi-resource-locator/1.0.3/osgi-resource-locator-1.0.3.jar:/Users/singg/.m2/repository/io/swagger/swagger-annotations/1.6.2/swagger-annotations-1.6.2.jar:/Users/singg/.m2/repository/io/confluent/common-utils/6.2.0/common-utils-6.2.0.jar:"/>
    <property name="java.vm.vendor" value="AdoptOpenJDK"/>
    <property name="sun.arch.data.model" value="64"/>
    <property name="java.vendor.url" value="https://adoptopenjdk.net/"/>
    <property name="user.timezone" value=""/>
    <property name="java.vm.specification.version" value="1.8"/>
    <property name="os.name" value="Mac OS X"/>
    <property name="user.country" value="IN"/>
    <property name="sun.java.launcher" value="SUN_STANDARD"/>
    <property name="sun.boot.library.path" value="/Library/Java/JavaVirtualMachines/adoptopenjdk-8.jdk/Contents/Home/jre/lib"/>
    <property name="sun.java.command" value="/Users/singg/openws/java/asup-common-serde-module/target/surefire/surefirebooter5115671642889333107.jar /Users/singg/openws/java/asup-common-serde-module/target/surefire 2023-01-06T15-15-14_854-jvmRun1 surefire6713876852610221661tmp surefire_04613551686119904289tmp"/>
    <property name="http.nonProxyHosts" value="local|*.local|169.254/16|*.169.254/16"/>
    <property name="surefire.test.class.path" value="/Users/singg/openws/java/asup-common-serde-module/target/test-classes:/Users/singg/openws/java/asup-common-serde-module/target/classes:/Users/singg/.m2/repository/junit/junit/4.11/junit-4.11.jar:/Users/singg/.m2/repository/org/hamcrest/hamcrest-core/1.3/hamcrest-core-1.3.jar:/Users/singg/.m2/repository/org/apache/kafka/kafka-clients/2.8.1/kafka-clients-2.8.1.jar:/Users/singg/.m2/repository/com/github/luben/zstd-jni/1.4.9-1/zstd-jni-1.4.9-1.jar:/Users/singg/.m2/repository/org/lz4/lz4-java/1.7.1/lz4-java-1.7.1.jar:/Users/singg/.m2/repository/org/xerial/snappy/snappy-java/1.1.8.1/snappy-java-1.1.8.1.jar:/Users/singg/.m2/repository/org/slf4j/slf4j-api/1.7.30/slf4j-api-1.7.30.jar:/Users/singg/.m2/repository/com/google/protobuf/protobuf-java/3.21.1/protobuf-java-3.21.1.jar:/Users/singg/.m2/repository/com/googlecode/json-simple/json-simple/1.1.1/json-simple-1.1.1.jar:/Users/singg/.m2/repository/io/confluent/kafka-protobuf-serializer/6.2.0/kafka-protobuf-serializer-6.2.0.jar:/Users/singg/.m2/repository/io/confluent/kafka-protobuf-provider/6.2.0/kafka-protobuf-provider-6.2.0.jar:/Users/singg/.m2/repository/com/squareup/wire/wire-schema/3.6.0/wire-schema-3.6.0.jar:/Users/singg/.m2/repository/com/squareup/wire/wire-runtime/3.6.0/wire-runtime-3.6.0.jar:/Users/singg/.m2/repository/org/jetbrains/kotlin/kotlin-stdlib-jdk8/1.4.10/kotlin-stdlib-jdk8-1.4.10.jar:/Users/singg/.m2/repository/org/jetbrains/kotlin/kotlin-stdlib-jdk7/1.4.10/kotlin-stdlib-jdk7-1.4.10.jar:/Users/singg/.m2/repository/org/jetbrains/kotlin/kotlin-stdlib-common/1.4.10/kotlin-stdlib-common-1.4.10.jar:/Users/singg/.m2/repository/com/squareup/okio/okio/2.8.0/okio-2.8.0.jar:/Users/singg/.m2/repository/org/jetbrains/kotlin/kotlin-stdlib/1.4.21/kotlin-stdlib-1.4.21.jar:/Users/singg/.m2/repository/org/jetbrains/annotations/13.0/annotations-13.0.jar:/Users/singg/.m2/repository/io/confluent/kafka-protobuf-types/6.2.0/kafka-protobuf-types-6.2.0.jar:/Users/singg/.m2/repository/com/google/api/grpc/googleapis-common-protos/0.0.3/googleapis-common-protos-0.0.3.jar:/Users/singg/.m2/repository/io/grpc/grpc-stub/0.15.0/grpc-stub-0.15.0.jar:/Users/singg/.m2/repository/io/grpc/grpc-core/0.15.0/grpc-core-0.15.0.jar:/Users/singg/.m2/repository/io/grpc/grpc-protobuf/0.15.0/grpc-protobuf-0.15.0.jar:/Users/singg/.m2/repository/io/grpc/grpc-protobuf-lite/0.15.0/grpc-protobuf-lite-0.15.0.jar:/Users/singg/.m2/repository/com/google/protobuf/protobuf-java-util/3.11.4/protobuf-java-util-3.11.4.jar:/Users/singg/.m2/repository/com/google/guava/guava/28.1-android/guava-28.1-android.jar:/Users/singg/.m2/repository/com/google/guava/failureaccess/1.0.1/failureaccess-1.0.1.jar:/Users/singg/.m2/repository/com/google/guava/listenablefuture/9999.0-empty-to-avoid-conflict-with-guava/listenablefuture-9999.0-empty-to-avoid-conflict-with-guava.jar:/Users/singg/.m2/repository/com/google/code/findbugs/jsr305/3.0.2/jsr305-3.0.2.jar:/Users/singg/.m2/repository/org/checkerframework/checker-compat-qual/2.5.5/checker-compat-qual-2.5.5.jar:/Users/singg/.m2/repository/com/google/j2objc/j2objc-annotations/1.3/j2objc-annotations-1.3.jar:/Users/singg/.m2/repository/org/codehaus/mojo/animal-sniffer-annotations/1.18/animal-sniffer-annotations-1.18.jar:/Users/singg/.m2/repository/com/google/errorprone/error_prone_annotations/2.3.4/error_prone_annotations-2.3.4.jar:/Users/singg/.m2/repository/com/google/code/gson/gson/2.8.6/gson-2.8.6.jar:/Users/singg/.m2/repository/io/confluent/kafka-schema-serializer/6.2.0/kafka-schema-serializer-6.2.0.jar:/Users/singg/.m2/repository/io/confluent/kafka-schema-registry-client/6.2.0/kafka-schema-registry-client-6.2.0.jar:/Users/singg/.m2/repository/org/apache/avro/avro/1.10.1/avro-1.10.1.jar:/Users/singg/.m2/repository/com/fasterxml/jackson/core/jackson-core/2.11.3/jackson-core-2.11.3.jar:/Users/singg/.m2/repository/org/apache/commons/commons-compress/1.20/commons-compress-1.20.jar:/Users/singg/.m2/repository/com/fasterxml/jackson/core/jackson-databind/2.10.5.1/jackson-databind-2.10.5.1.jar:/Users/singg/.m2/repository/com/fasterxml/jackson/core/jackson-annotations/2.10.5/jackson-annotations-2.10.5.jar:/Users/singg/.m2/repository/jakarta/ws/rs/jakarta.ws.rs-api/2.1.6/jakarta.ws.rs-api-2.1.6.jar:/Users/singg/.m2/repository/org/glassfish/jersey/core/jersey-common/2.34/jersey-common-2.34.jar:/Users/singg/.m2/repository/jakarta/annotation/jakarta.annotation-api/1.3.5/jakarta.annotation-api-1.3.5.jar:/Users/singg/.m2/repository/org/glassfish/hk2/external/jakarta.inject/2.6.1/jakarta.inject-2.6.1.jar:/Users/singg/.m2/repository/org/glassfish/hk2/osgi-resource-locator/1.0.3/osgi-resource-locator-1.0.3.jar:/Users/singg/.m2/repository/io/swagger/swagger-annotations/1.6.2/swagger-annotations-1.6.2.jar:/Users/singg/.m2/repository/io/confluent/common-utils/6.2.0/common-utils-6.2.0.jar:"/>
    <property name="sun.cpu.endian" value="little"/>
    <property name="user.home" value="/Users/singg"/>
    <property name="user.language" value="en"/>
    <property name="java.specification.vendor" value="Oracle Corporation"/>
    <property name="java.home" value="/Library/Java/JavaVirtualMachines/adoptopenjdk-8.jdk/Contents/Home/jre"/>
    <property name="basedir" value="/Users/singg/openws/java/asup-common-serde-module"/>
    <property name="file.separator" value="/"/>
    <property name="line.separator" value="&#10;"/>
    <property name="java.vm.specification.vendor" value="Oracle Corporation"/>
    <property name="java.specification.name" value="Java Platform API Specification"/>
    <property name="java.awt.graphicsenv" value="sun.awt.CGraphicsEnvironment"/>
    <property name="surefire.real.class.path" value="/Users/singg/openws/java/asup-common-serde-module/target/surefire/surefirebooter5115671642889333107.jar"/>
    <property name="sun.boot.class.path" value="/Library/Java/JavaVirtualMachines/adoptopenjdk-8.jdk/Contents/Home/jre/lib/resources.jar:/Library/Java/JavaVirtualMachines/adoptopenjdk-8.jdk/Contents/Home/jre/lib/rt.jar:/Library/Java/JavaVirtualMachines/adoptopenjdk-8.jdk/Contents/Home/jre/lib/sunrsasign.jar:/Library/Java/JavaVirtualMachines/adoptopenjdk-8.jdk/Contents/Home/jre/lib/jsse.jar:/Library/Java/JavaVirtualMachines/adoptopenjdk-8.jdk/Contents/Home/jre/lib/jce.jar:/Library/Java/JavaVirtualMachines/adoptopenjdk-8.jdk/Contents/Home/jre/lib/charsets.jar:/Library/Java/JavaVirtualMachines/adoptopenjdk-8.jdk/Contents/Home/jre/lib/jfr.jar:/Library/Java/JavaVirtualMachines/adoptopenjdk-8.jdk/Contents/Home/jre/classes"/>
    <property name="sun.management.compiler" value="HotSpot 64-Bit Tiered Compilers"/>
    <property name="ftp.nonProxyHosts" value="local|*.local|169.254/16|*.169.254/16"/>
    <property name="java.runtime.version" value="1.8.0_292-b10"/>
    <property name="user.name" value="singg"/>
    <property name="path.separator" value=":"/>
    <property name="os.version" value="10.16"/>
    <property name="java.endorsed.dirs" value="/Library/Java/JavaVirtualMachines/adoptopenjdk-8.jdk/Contents/Home/jre/lib/endorsed"/>
    <property name="java.runtime.name" value="OpenJDK Runtime Environment"/>
    <property name="file.encoding" value="US-ASCII"/>
    <property name="java.vm.name" value="OpenJDK 64-Bit Server VM"/>
    <property name="localRepository" value="/Users/singg/.m2/repository"/>
    <property name="java.vendor.url.bug" value="https://github.com/AdoptOpenJDK/openjdk-support/issues"/>
    <property name="java.io.tmpdir" value="/var/folders/cs/gr3_rqsn7_x0r64z4qz2s02c0000gn/T/"/>
    <property name="idea.version" value="2021.3.1"/>
    <property name="java.version" value="1.8.0_292"/>
    <property name="user.dir" value="/Users/singg/openws/java/asup-common-serde-module"/>
    <property name="os.arch" value="x86_64"/>
    <property name="java.vm.specification.name" value="Java Virtual Machine Specification"/>
    <property name="java.awt.printerjob" value="sun.lwawt.macosx.CPrinterJob"/>
    <property name="sun.os.patch.level" value="unknown"/>
    <property name="java.library.path" value="/Users/singg/Library/Java/Extensions:/Library/Java/Extensions:/Network/Library/Java/Extensions:/System/Library/Java/Extensions:/usr/lib/java:."/>
    <property name="java.vm.info" value="mixed mode"/>
    <property name="java.vendor" value="AdoptOpenJDK"/>
    <property name="java.vm.version" value="25.292-b10"/>
    <property name="java.ext.dirs" value="/Users/singg/Library/Java/Extensions:/Library/Java/JavaVirtualMachines/adoptopenjdk-8.jdk/Contents/Home/jre/lib/ext:/Library/Java/Extensions:/Network/Library/Java/Extensions:/System/Library/Java/Extensions:/usr/lib/java"/>
    <property name="sun.io.unicode.encoding" value="UnicodeBig"/>
    <property name="java.class.version" value="52.0"/>
    <property name="socksNonProxyHosts" value="local|*.local|169.254/16|*.169.254/16"/>
  </properties>
  <testcase name="shouldAnswerWithTrue" classname="org.example.AppTest" time="0.009"/>
</testsuite>